<?xml version="1.0" encoding="UTF-8"?>
<testng-results ignored="0" total="2" passed="2" failed="0" skipped="0">
  <reporter-output>
  </reporter-output>
  <suite started-at="2025-07-29T17:44:55 IST" name="Default suite" finished-at="2025-07-29T17:46:14 IST" duration-ms="79003">
    <groups>
    </groups>
    <test started-at="2025-07-29T17:44:55 IST" name="Default test" finished-at="2025-07-29T17:46:14 IST" duration-ms="79003">
      <class name="Surepay_TestPage_Test.Surepay_TestPage_Test">
        <test-method is-config="true" signature="beforeSuite()[pri:0, instance:Surepay_TestPage_Test.Surepay_TestPage_Test@738dc9b]" started-at="2025-07-29T17:44:54 IST" name="beforeSuite" finished-at="2025-07-29T17:44:55 IST" duration-ms="191" status="PASS">
          <reporter-output>
          </reporter-output>
        </test-method> <!-- beforeSuite -->
        <test-method is-config="true" signature="beforeMethod(java.lang.reflect.Method)[pri:0, instance:Surepay_TestPage_Test.Surepay_TestPage_Test@738dc9b]" started-at="2025-07-29T17:44:55 IST" name="beforeMethod" finished-at="2025-07-29T17:45:00 IST" duration-ms="5285" status="PASS">
          <params>
            <param index="0">
              <value>
                <![CDATA[public void Surepay_TestPage_Test.Surepay_TestPage_Test.TC_01(java.lang.String,java.lang.String,java.lang.String,java.lang.String,java.lang.String,java.lang.String,java.lang.String) throws java.io.IOException,java.lang.InterruptedException,java.sql.SQLException]]>
              </value>
            </param>
          </params>
          <reporter-output>
          </reporter-output>
        </test-method> <!-- beforeMethod -->
        <test-method signature="TC_01(java.lang.String,java.lang.String,java.lang.String,java.lang.String,java.lang.String,java.lang.String,java.lang.String)[pri:0, instance:Surepay_TestPage_Test.Surepay_TestPage_Test@738dc9b]" started-at="2025-07-29T17:45:00 IST" name="TC_01" data-provider="FormData" finished-at="2025-07-29T17:45:36 IST" duration-ms="36172" status="PASS">
          <params>
            <param index="0">
              <value>
                <![CDATA[SwaPCIDSSPT0000001598]]>
              </value>
            </param>
            <param index="1">
              <value>
                <![CDATA[Wheel]]>
              </value>
            </param>
            <param index="2">
              <value>
                <![CDATA[Test1]]>
              </value>
            </param>
            <param index="3">
              <value>
                <![CDATA[100]]>
              </value>
            </param>
            <param index="4">
              <value>
                <![CDATA[IBANK]]>
              </value>
            </param>
            <param index="5">
              <value>
                <![CDATA[ICICI]]>
              </value>
            </param>
            <param index="6">
              <value>
                <![CDATA[Success]]>
              </value>
            </param>
          </params>
          <reporter-output>
          </reporter-output>
        </test-method> <!-- TC_01 -->
        <test-method is-config="true" signature="afterMethod()[pri:0, instance:Surepay_TestPage_Test.Surepay_TestPage_Test@738dc9b]" started-at="2025-07-29T17:45:36 IST" name="afterMethod" finished-at="2025-07-29T17:45:37 IST" duration-ms="212" status="PASS">
          <reporter-output>
          </reporter-output>
        </test-method> <!-- afterMethod -->
        <test-method is-config="true" signature="beforeMethod(java.lang.reflect.Method)[pri:0, instance:Surepay_TestPage_Test.Surepay_TestPage_Test@738dc9b]" started-at="2025-07-29T17:45:37 IST" name="beforeMethod" finished-at="2025-07-29T17:45:39 IST" duration-ms="2505" status="PASS">
          <params>
            <param index="0">
              <value>
                <![CDATA[public void Surepay_TestPage_Test.Surepay_TestPage_Test.TC_01(java.lang.String,java.lang.String,java.lang.String,java.lang.String,java.lang.String,java.lang.String,java.lang.String) throws java.io.IOException,java.lang.InterruptedException,java.sql.SQLException]]>
              </value>
            </param>
          </params>
          <reporter-output>
          </reporter-output>
        </test-method> <!-- beforeMethod -->
        <test-method signature="TC_01(java.lang.String,java.lang.String,java.lang.String,java.lang.String,java.lang.String,java.lang.String,java.lang.String)[pri:0, instance:Surepay_TestPage_Test.Surepay_TestPage_Test@738dc9b]" started-at="2025-07-29T17:45:39 IST" name="TC_01" data-provider="FormData" finished-at="2025-07-29T17:46:14 IST" duration-ms="34419" status="PASS">
          <params>
            <param index="0">
              <value>
                <![CDATA[SwaPCIDSSPT0000001598]]>
              </value>
            </param>
            <param index="1">
              <value>
                <![CDATA[Wheel]]>
              </value>
            </param>
            <param index="2">
              <value>
                <![CDATA[Test2]]>
              </value>
            </param>
            <param index="3">
              <value>
                <![CDATA[100]]>
              </value>
            </param>
            <param index="4">
              <value>
                <![CDATA[IBANK]]>
              </value>
            </param>
            <param index="5">
              <value>
                <![CDATA[ICICI]]>
              </value>
            </param>
            <param index="6">
              <value>
                <![CDATA[Failed]]>
              </value>
            </param>
          </params>
          <reporter-output>
          </reporter-output>
        </test-method> <!-- TC_01 -->
        <test-method is-config="true" signature="afterMethod()[pri:0, instance:Surepay_TestPage_Test.Surepay_TestPage_Test@738dc9b]" started-at="2025-07-29T17:46:14 IST" name="afterMethod" finished-at="2025-07-29T17:46:14 IST" duration-ms="32" status="PASS">
          <reporter-output>
          </reporter-output>
        </test-method> <!-- afterMethod -->
      </class> <!-- Surepay_TestPage_Test.Surepay_TestPage_Test -->
    </test> <!-- Default test -->
  </suite> <!-- Default suite -->
</testng-results>
