<?xml version="1.0" encoding="UTF-8"?>
<testng-results ignored="0" total="2" passed="2" failed="0" skipped="0">
  <reporter-output>
  </reporter-output>
  <suite started-at="2025-07-24T18:58:01 IST" name="Default suite" finished-at="2025-07-24T18:59:19 IST" duration-ms="77251">
    <groups>
    </groups>
    <test started-at="2025-07-24T18:58:01 IST" name="Default test" finished-at="2025-07-24T18:59:19 IST" duration-ms="77251">
      <class name="Surepay_TestPage_Test.Surepay_TestPage_Test">
        <test-method is-config="true" signature="beforeSuite()[pri:0, instance:Surepay_TestPage_Test.Surepay_TestPage_Test@1a942c18]" started-at="2025-07-24T18:58:01 IST" name="beforeSuite" finished-at="2025-07-24T18:58:01 IST" duration-ms="173" status="PASS">
          <reporter-output>
          </reporter-output>
        </test-method> <!-- beforeSuite -->
        <test-method is-config="true" signature="beforeMethod(java.lang.reflect.Method)[pri:0, instance:Surepay_TestPage_Test.Surepay_TestPage_Test@1a942c18]" started-at="2025-07-24T18:58:02 IST" name="beforeMethod" finished-at="2025-07-24T18:58:05 IST" duration-ms="3503" status="PASS">
          <params>
            <param index="0">
              <value>
                <![CDATA[public void Surepay_TestPage_Test.Surepay_TestPage_Test.TC_01(java.lang.String,java.lang.String,java.lang.String,java.lang.String,java.lang.String,java.lang.String,java.lang.String) throws java.io.IOException,java.lang.InterruptedException,java.sql.SQLException]]>
              </value>
            </param>
          </params>
          <reporter-output>
          </reporter-output>
        </test-method> <!-- beforeMethod -->
        <test-method signature="TC_01(java.lang.String,java.lang.String,java.lang.String,java.lang.String,java.lang.String,java.lang.String,java.lang.String)[pri:0, instance:Surepay_TestPage_Test.Surepay_TestPage_Test@1a942c18]" started-at="2025-07-24T18:58:05 IST" name="TC_01" data-provider="FormData" finished-at="2025-07-24T18:58:41 IST" duration-ms="35490" status="PASS">
          <params>
            <param index="0">
              <value>
                <![CDATA[SwaPCIDSSPT0000001598]]>
              </value>
            </param>
            <param index="1">
              <value>
                <![CDATA[Wheel]]>
              </value>
            </param>
            <param index="2">
              <value>
                <![CDATA[Test1]]>
              </value>
            </param>
            <param index="3">
              <value>
                <![CDATA[100]]>
              </value>
            </param>
            <param index="4">
              <value>
                <![CDATA[IBANK]]>
              </value>
            </param>
            <param index="5">
              <value>
                <![CDATA[ICICI]]>
              </value>
            </param>
            <param index="6">
              <value>
                <![CDATA[Success]]>
              </value>
            </param>
          </params>
          <reporter-output>
          </reporter-output>
        </test-method> <!-- TC_01 -->
        <test-method is-config="true" signature="afterMethod()[pri:0, instance:Surepay_TestPage_Test.Surepay_TestPage_Test@1a942c18]" started-at="2025-07-24T18:58:41 IST" name="afterMethod" finished-at="2025-07-24T18:58:41 IST" duration-ms="125" status="PASS">
          <reporter-output>
          </reporter-output>
        </test-method> <!-- afterMethod -->
        <test-method is-config="true" signature="beforeMethod(java.lang.reflect.Method)[pri:0, instance:Surepay_TestPage_Test.Surepay_TestPage_Test@1a942c18]" started-at="2025-07-24T18:58:41 IST" name="beforeMethod" finished-at="2025-07-24T18:58:44 IST" duration-ms="3123" status="PASS">
          <params>
            <param index="0">
              <value>
                <![CDATA[public void Surepay_TestPage_Test.Surepay_TestPage_Test.TC_01(java.lang.String,java.lang.String,java.lang.String,java.lang.String,java.lang.String,java.lang.String,java.lang.String) throws java.io.IOException,java.lang.InterruptedException,java.sql.SQLException]]>
              </value>
            </param>
          </params>
          <reporter-output>
          </reporter-output>
        </test-method> <!-- beforeMethod -->
        <test-method signature="TC_01(java.lang.String,java.lang.String,java.lang.String,java.lang.String,java.lang.String,java.lang.String,java.lang.String)[pri:0, instance:Surepay_TestPage_Test.Surepay_TestPage_Test@1a942c18]" started-at="2025-07-24T18:58:44 IST" name="TC_01" data-provider="FormData" finished-at="2025-07-24T18:59:18 IST" duration-ms="34549" status="PASS">
          <params>
            <param index="0">
              <value>
                <![CDATA[SwaPCIDSSPT0000001598]]>
              </value>
            </param>
            <param index="1">
              <value>
                <![CDATA[Wheel]]>
              </value>
            </param>
            <param index="2">
              <value>
                <![CDATA[Test2]]>
              </value>
            </param>
            <param index="3">
              <value>
                <![CDATA[100]]>
              </value>
            </param>
            <param index="4">
              <value>
                <![CDATA[IBANK]]>
              </value>
            </param>
            <param index="5">
              <value>
                <![CDATA[ICICI]]>
              </value>
            </param>
            <param index="6">
              <value>
                <![CDATA[Failed]]>
              </value>
            </param>
          </params>
          <reporter-output>
          </reporter-output>
        </test-method> <!-- TC_01 -->
        <test-method is-config="true" signature="afterMethod()[pri:0, instance:Surepay_TestPage_Test.Surepay_TestPage_Test@1a942c18]" started-at="2025-07-24T18:59:18 IST" name="afterMethod" finished-at="2025-07-24T18:59:19 IST" duration-ms="119" status="PASS">
          <reporter-output>
          </reporter-output>
        </test-method> <!-- afterMethod -->
      </class> <!-- Surepay_TestPage_Test.Surepay_TestPage_Test -->
    </test> <!-- Default test -->
  </suite> <!-- Default suite -->
</testng-results>
